<?xml version="1.0" encoding="UTF-8"?>
<coverage generated="1667496509565" clover="3.2.0">
  <project timestamp="1667496509566" name="All files">
    <metrics statements="14" coveredstatements="13" conditionals="6" coveredconditionals="4" methods="7" coveredmethods="7" elements="27" coveredelements="24" complexity="0" loc="14" ncloc="14" packages="2" files="2" classes="2"/>
    <package name="StackScreens">
      <metrics statements="11" coveredstatements="10" conditionals="6" coveredconditionals="4" methods="5" coveredmethods="5"/>
      <file name="LogIn.js" path="C:\Users\VIRDUBEY\VSCode\ReactProject\locationapp\navigation\StackScreens\LogIn.js">
        <metrics statements="11" coveredstatements="10" conditionals="6" coveredconditionals="4" methods="5" coveredmethods="5"/>
        <line num="12" count="1" type="stmt"/>
        <line num="13" count="3" type="stmt"/>
        <line num="14" count="3" type="stmt"/>
        <line num="15" count="3" type="stmt"/>
        <line num="17" count="1" type="cond" truecount="3" falsecount="1"/>
        <line num="18" count="0" type="stmt"/>
        <line num="24" count="3" type="stmt"/>
        <line num="30" count="1" type="stmt"/>
        <line num="40" count="1" type="stmt"/>
        <line num="49" count="1" type="stmt"/>
        <line num="56" count="1" type="stmt"/>
      </file>
    </package>
    <package name="TabScreens">
      <metrics statements="3" coveredstatements="3" conditionals="0" coveredconditionals="0" methods="2" coveredmethods="2"/>
      <file name="Home.js" path="C:\Users\VIRDUBEY\VSCode\ReactProject\locationapp\navigation\TabScreens\Home.js">
        <metrics statements="3" coveredstatements="3" conditionals="0" coveredconditionals="0" methods="2" coveredmethods="2"/>
        <line num="4" count="1" type="stmt"/>
        <line num="5" count="1" type="stmt"/>
        <line num="11" count="1" type="stmt"/>
      </file>
    </package>
  </project>
</coverage>
