{"C:\\Users\\VIRDUBEY\\VSCode\\ReactProject\\locationapp\\navigation\\StackScreens\\LogIn.js": {"path":"C:\\Users\\VIRDUBEY\\VSCode\\ReactProject\\locationapp\\navigation\\StackScreens\\LogIn.js","statementMap":{"0":{"start":{"line":12,"column":14},"end":{"line":54,"column":1}},"1":{"start":{"line":13,"column":42},"end":{"line":13,"column":54}},"2":{"start":{"line":14,"column":34},"end":{"line":14,"column":46}},"3":{"start":{"line":15,"column":46},"end":{"line":15,"column":61}},"4":{"start":{"line":17,"column":4},"end":{"line":22,"column":5}},"5":{"start":{"line":18,"column":6},"end":{"line":18,"column":34}},"6":{"start":{"line":24,"column":2},"end":{"line":53,"column":4}},"7":{"start":{"line":30,"column":32},"end":{"line":30,"column":53}},"8":{"start":{"line":40,"column":32},"end":{"line":40,"column":49}},"9":{"start":{"line":49,"column":23},"end":{"line":49,"column":37}},"10":{"start":{"line":56,"column":15},"end":{"line":95,"column":2}}},"fnMap":{"0":{"name":"(anonymous_0)","decl":{"start":{"line":12,"column":14},"end":{"line":12,"column":15}},"loc":{"start":{"line":12,"column":32},"end":{"line":54,"column":1}},"line":12},"1":{"name":"handleSignIn","decl":{"start":{"line":16,"column":11},"end":{"line":16,"column":23}},"loc":{"start":{"line":16,"column":26},"end":{"line":23,"column":3}},"line":16},"2":{"name":"(anonymous_2)","decl":{"start":{"line":30,"column":24},"end":{"line":30,"column":25}},"loc":{"start":{"line":30,"column":32},"end":{"line":30,"column":53}},"line":30},"3":{"name":"(anonymous_3)","decl":{"start":{"line":40,"column":24},"end":{"line":40,"column":25}},"loc":{"start":{"line":40,"column":32},"end":{"line":40,"column":49}},"line":40},"4":{"name":"(anonymous_4)","decl":{"start":{"line":49,"column":17},"end":{"line":49,"column":18}},"loc":{"start":{"line":49,"column":23},"end":{"line":49,"column":37}},"line":49}},"branchMap":{"0":{"loc":{"start":{"line":17,"column":4},"end":{"line":22,"column":5}},"type":"if","locations":[{"start":{"line":17,"column":4},"end":{"line":22,"column":5}},{"start":{"line":19,"column":11},"end":{"line":22,"column":5}}],"line":17},"1":{"loc":{"start":{"line":17,"column":8},"end":{"line":17,"column":44}},"type":"binary-expr","locations":[{"start":{"line":17,"column":8},"end":{"line":17,"column":20}},{"start":{"line":17,"column":24},"end":{"line":17,"column":44}}],"line":17},"2":{"loc":{"start":{"line":44,"column":27},"end":{"line":44,"column":56}},"type":"cond-expr","locations":[{"start":{"line":44,"column":44},"end":{"line":44,"column":49}},{"start":{"line":44,"column":52},"end":{"line":44,"column":56}}],"line":44}},"s":{"0":1,"1":3,"2":3,"3":3,"4":1,"5":0,"6":3,"7":1,"8":1,"9":1,"10":1},"f":{"0":3,"1":1,"2":1,"3":1,"4":1},"b":{"0":[0,1],"1":[1,1],"2":[0,3]},"_coverageSchema":"1a1c01bbd47fc00a2c39e90264f33305004495a9","hash":"3ed4b6dc99de31da4ff8a78117c1ec2f751d392c"}
,"C:\\Users\\VIRDUBEY\\VSCode\\ReactProject\\locationapp\\navigation\\TabScreens\\Home.js": {"path":"C:\\Users\\VIRDUBEY\\VSCode\\ReactProject\\locationapp\\navigation\\TabScreens\\Home.js","statementMap":{"0":{"start":{"line":4,"column":13},"end":{"line":15,"column":1}},"1":{"start":{"line":5,"column":2},"end":{"line":14,"column":4}},"2":{"start":{"line":11,"column":23},"end":{"line":11,"column":49}}},"fnMap":{"0":{"name":"(anonymous_0)","decl":{"start":{"line":4,"column":13},"end":{"line":4,"column":14}},"loc":{"start":{"line":4,"column":31},"end":{"line":15,"column":1}},"line":4},"1":{"name":"(anonymous_1)","decl":{"start":{"line":11,"column":17},"end":{"line":11,"column":18}},"loc":{"start":{"line":11,"column":23},"end":{"line":11,"column":49}},"line":11}},"branchMap":{},"s":{"0":1,"1":1,"2":1},"f":{"0":1,"1":1},"b":{},"_coverageSchema":"1a1c01bbd47fc00a2c39e90264f33305004495a9","hash":"ac65f5b2d3242a2be28e9fc482c4fb3f56b85d75"}
}
