TN:
SF:navigation\StackScreens\LogIn.js
FN:12,(anonymous_0)
FN:16,handleSignIn
FN:30,(anonymous_2)
FN:40,(anonymous_3)
FN:49,(anonymous_4)
FNF:5
FNH:5
FNDA:3,(anonymous_0)
FNDA:1,handleSignIn
FNDA:1,(anonymous_2)
FNDA:1,(anonymous_3)
FNDA:1,(anonymous_4)
DA:12,1
DA:13,3
DA:14,3
DA:15,3
DA:17,1
DA:18,0
DA:24,3
DA:30,1
DA:40,1
DA:49,1
DA:56,1
LF:11
LH:10
BRDA:17,0,0,0
BRDA:17,0,1,1
BRDA:17,1,0,1
BRDA:17,1,1,1
BRDA:44,2,0,0
BRDA:44,2,1,3
BRF:6
BRH:4
end_of_record
TN:
SF:navigation\TabScreens\Home.js
FN:4,(anonymous_0)
FN:11,(anonymous_1)
FNF:2
FNH:2
FNDA:1,(anonymous_0)
FNDA:1,(anonymous_1)
DA:4,1
DA:5,1
DA:11,1
LF:3
LH:3
BRF:0
BRH:0
end_of_record
